


ARM Macro Assembler    Page 1 


    1 00000000                 AREA             |.text|, CODE, READONLY
    2 00000000                 IMPORT           Adder
    3 00000000                 IMPORT           num
    4 00000000                 EXPORT           __main
    5 00000000                 ENTRY
    6 00000000         __main
    7 00000000 4902            LDR              R1, =num
    8 00000002 F04F 0001       MOV              R0, #1
    9 00000006 6008            STR              R0, [R1]
   10 00000008         
   11 00000008 F7FF FFFE       BL               Adder
   12 0000000C         
   13 0000000C                 END
              00000000 
Command Line: --debug --xref --diag_suppress=9931 --cpu=Cortex-M3 --apcs=interw
ork --depend=.\objects\main.d -o.\objects\main.o -I.\RTE\Device\STM32F103RC -I.
\RTE\_Target_1 -IC:\Keil_v5\ARM\PACK\ARM\CMSIS\5.4.0\CMSIS\Core\Include -IC:\Ke
il_v5\ARM\PACK\Keil\STM32F1xx_DFP\2.3.0\Device\Include --predefine="__EVAL SETA
 1" --predefine="__UVISION_VERSION SETA 526" --predefine="_RTE_ SETA 1" --prede
fine="STM32F10X_HD SETA 1" --list=.\listings\main.lst main.s



ARM Macro Assembler    Page 1 Alphabetic symbol ordering
Relocatable symbols

.text 00000000

Symbol: .text
   Definitions
      At line 1 in file main.s
   Uses
      None
Comment: .text unused
__main 00000000

Symbol: __main
   Definitions
      At line 6 in file main.s
   Uses
      At line 4 in file main.s
Comment: __main used once
2 symbols



ARM Macro Assembler    Page 1 Alphabetic symbol ordering
External symbols

Adder 00000000

Symbol: Adder
   Definitions
      At line 2 in file main.s
   Uses
      At line 11 in file main.s
Comment: Adder used once
num 00000000

Symbol: num
   Definitions
      At line 3 in file main.s
   Uses
      At line 7 in file main.s
Comment: num used once
2 symbols
340 symbols in table
