2021-09-04 15:25:34,645 [INFO] Activator:177 - 


2021-09-04 15:25:34,647 [INFO] Activator:178 - !SESSION log4j initialized
2021-09-04 15:25:42,836 [INFO] McuFinderGlobals:39 - Set McuFinder mode to 2 (CubeIDE integrated)
2021-09-04 15:25:42,915 [INFO] ApplicationProperties:181 - Using Application install path: /opt/st/stm32cubeide_1.7.0/plugins/com.st.stm32cube.common.mx_6.3.0.202107141111
2021-09-04 15:25:42,924 [INFO] DbMcusXml:74 - Set database path to: /opt/st/stm32cubeide_1.7.0/plugins/com.st.stm32cube.common.mx_6.3.0.202107141111//db//mcu/
2021-09-04 15:25:42,927 [INFO] DbBoardsPdsc:56 - Set plugin database path to: /opt/st/stm32cubeide_1.7.0/plugins/com.st.stm32cube.common.mx_6.3.0.202107141111//db//plugins/boardmanager/
2021-09-04 15:25:42,927 [INFO] DbMcus:258 - Set plugin images path to: /opt/st/stm32cubeide_1.7.0/plugins/com.st.stm32cube.common.mx_6.3.0.202107141111//db//plugins/mcufinder/images/
2021-09-04 15:25:42,927 [INFO] DbBoards:264 - Set plugin images path to: /opt/st/stm32cubeide_1.7.0/plugins/com.st.stm32cube.common.mx_6.3.0.202107141111//db//plugins/mcufinder/images/
2021-09-04 15:25:42,929 [INFO] DbExamples:333 - Set plugin images path to: /opt/st/stm32cubeide_1.7.0/plugins/com.st.stm32cube.common.mx_6.3.0.202107141111//db//plugins/mcufinder/images/
2021-09-04 15:25:42,933 [INFO] DbMcusAds:119 - Set database path to: /home/robot/.stmcufinder/plugins/mcufinder//mcu/
2021-09-04 15:25:42,933 [INFO] DbMcusDocs:110 - Set database path to: /home/robot/.stmcufinder/plugins/mcufinder//mcu/
2021-09-04 15:25:42,934 [INFO] DbMcusJson:64 - Set database path to: /home/robot/.stmcufinder/plugins/mcufinder//mcu/
2021-09-04 15:25:42,935 [INFO] DbBoardsDocs:110 - Set database path to: /home/robot/.stmcufinder/plugins/mcufinder//mcu/
2021-09-04 15:25:42,936 [INFO] DbBoardsJson:57 - Set database path to: /home/robot/.stmcufinder/plugins/mcufinder//mcu/
2021-09-04 15:25:42,937 [INFO] CrossReferenceDbSqlite:196 - Set database path to: /home/robot/.stmcufinder/plugins/mcufinder//mcu/cs/
2021-09-04 15:25:42,940 [INFO] DbExamplesSqlite:767 - Set database path to: /home/robot/.stmcufinder/plugins/mcufinder//mcu/
2021-09-04 15:25:43,021 [INFO] RulesReader:57 - Compatibility file has been processed (242 Rules)
2021-09-04 15:25:43,068 [INFO] DbMcusXml:74 - Set database path to: /opt/st/stm32cubeide_1.7.0/plugins/com.st.stm32cube.common.mx_6.3.0.202107141111//db//mcu/
2021-09-04 15:25:43,069 [INFO] DbBoardsPdsc:56 - Set plugin database path to: /opt/st/stm32cubeide_1.7.0/plugins/com.st.stm32cube.common.mx_6.3.0.202107141111//db//plugins/boardmanager/
2021-09-04 15:25:43,069 [INFO] DbMcus:258 - Set plugin images path to: /opt/st/stm32cubeide_1.7.0/plugins/com.st.stm32cube.common.mx_6.3.0.202107141111//db//plugins/mcufinder/images/
2021-09-04 15:25:43,069 [INFO] DbBoards:264 - Set plugin images path to: /opt/st/stm32cubeide_1.7.0/plugins/com.st.stm32cube.common.mx_6.3.0.202107141111//db//plugins/mcufinder/images/
2021-09-04 15:25:43,069 [INFO] DbExamples:333 - Set plugin images path to: /opt/st/stm32cubeide_1.7.0/plugins/com.st.stm32cube.common.mx_6.3.0.202107141111//db//plugins/mcufinder/images/
2021-09-04 15:25:43,070 [WARN] DbFile:35 - Overriding database path with different value: /home/robot/.stmcufinder/plugins/mcufinder/ => /home/robot/.stmcufinder/plugins/mcufinder
2021-09-04 15:25:43,070 [INFO] DbMcusAds:119 - Set database path to: /home/robot/.stmcufinder/plugins/mcufinder//mcu/
2021-09-04 15:25:43,070 [WARN] DbFile:35 - Overriding database path with different value: /home/robot/.stmcufinder/plugins/mcufinder/ => /home/robot/.stmcufinder/plugins/mcufinder
2021-09-04 15:25:43,070 [INFO] DbMcusDocs:110 - Set database path to: /home/robot/.stmcufinder/plugins/mcufinder//mcu/
2021-09-04 15:25:43,070 [WARN] DbFile:35 - Overriding database path with different value: /home/robot/.stmcufinder/plugins/mcufinder/ => /home/robot/.stmcufinder/plugins/mcufinder
2021-09-04 15:25:43,070 [INFO] DbMcusJson:64 - Set database path to: /home/robot/.stmcufinder/plugins/mcufinder//mcu/
2021-09-04 15:25:43,070 [WARN] DbFile:35 - Overriding database path with different value: /home/robot/.stmcufinder/plugins/mcufinder/ => /home/robot/.stmcufinder/plugins/mcufinder
2021-09-04 15:25:43,070 [INFO] DbBoardsDocs:110 - Set database path to: /home/robot/.stmcufinder/plugins/mcufinder//mcu/
2021-09-04 15:25:43,070 [WARN] DbFile:35 - Overriding database path with different value: /home/robot/.stmcufinder/plugins/mcufinder/ => /home/robot/.stmcufinder/plugins/mcufinder
2021-09-04 15:25:43,070 [INFO] DbBoardsJson:57 - Set database path to: /home/robot/.stmcufinder/plugins/mcufinder//mcu/
2021-09-04 15:25:43,071 [WARN] DbFile:35 - Overriding database path with different value: /home/robot/.stmcufinder/plugins/mcufinder/ => /home/robot/.stmcufinder/plugins/mcufinder
2021-09-04 15:25:43,071 [WARN] DbFile:35 - Overriding database path with different value: /home/robot/.stmcufinder/plugins/mcufinder/ => /home/robot/.stmcufinder/plugins/mcufinder
2021-09-04 15:25:43,071 [INFO] CrossReferenceDbSqlite:196 - Set database path to: /home/robot/.stmcufinder/plugins/mcufinder//mcu/cs/
2021-09-04 15:25:43,071 [WARN] DbFile:35 - Overriding database path with different value: /home/robot/.stmcufinder/plugins/mcufinder/ => /home/robot/.stmcufinder/plugins/mcufinder
2021-09-04 15:25:43,071 [INFO] DbExamplesSqlite:767 - Set database path to: /home/robot/.stmcufinder/plugins/mcufinder//mcu/
2021-09-04 15:25:43,116 [INFO] MainPanel:214 - HeapMemory: 268435456
2021-09-04 15:25:43,183 [INFO] DbMcusXml:74 - Set database path to: /opt/st/stm32cubeide_1.7.0/plugins/com.st.stm32cube.common.mx_6.3.0.202107141111//db//mcu/
2021-09-04 15:25:43,183 [INFO] DbBoardsPdsc:56 - Set plugin database path to: /opt/st/stm32cubeide_1.7.0/plugins/com.st.stm32cube.common.mx_6.3.0.202107141111//db//plugins/boardmanager/
2021-09-04 15:25:43,183 [INFO] DbMcus:258 - Set plugin images path to: /opt/st/stm32cubeide_1.7.0/plugins/com.st.stm32cube.common.mx_6.3.0.202107141111//db//plugins/mcufinder/images/
2021-09-04 15:25:43,183 [INFO] DbBoards:264 - Set plugin images path to: /opt/st/stm32cubeide_1.7.0/plugins/com.st.stm32cube.common.mx_6.3.0.202107141111//db//plugins/mcufinder/images/
2021-09-04 15:25:43,183 [INFO] DbExamples:333 - Set plugin images path to: /opt/st/stm32cubeide_1.7.0/plugins/com.st.stm32cube.common.mx_6.3.0.202107141111//db//plugins/mcufinder/images/
2021-09-04 15:25:43,184 [WARN] DbFile:35 - Overriding database path with different value: /home/robot/.stmcufinder/plugins/mcufinder/ => /home/robot/.stmcufinder/plugins/mcufinder
2021-09-04 15:25:43,184 [INFO] DbMcusAds:119 - Set database path to: /home/robot/.stmcufinder/plugins/mcufinder//mcu/
2021-09-04 15:25:43,184 [WARN] DbFile:35 - Overriding database path with different value: /home/robot/.stmcufinder/plugins/mcufinder/ => /home/robot/.stmcufinder/plugins/mcufinder
2021-09-04 15:25:43,184 [INFO] DbMcusDocs:110 - Set database path to: /home/robot/.stmcufinder/plugins/mcufinder//mcu/
2021-09-04 15:25:43,184 [WARN] DbFile:35 - Overriding database path with different value: /home/robot/.stmcufinder/plugins/mcufinder/ => /home/robot/.stmcufinder/plugins/mcufinder
2021-09-04 15:25:43,184 [INFO] DbMcusJson:64 - Set database path to: /home/robot/.stmcufinder/plugins/mcufinder//mcu/
2021-09-04 15:25:43,184 [WARN] DbFile:35 - Overriding database path with different value: /home/robot/.stmcufinder/plugins/mcufinder/ => /home/robot/.stmcufinder/plugins/mcufinder
2021-09-04 15:25:43,184 [INFO] DbBoardsDocs:110 - Set database path to: /home/robot/.stmcufinder/plugins/mcufinder//mcu/
2021-09-04 15:25:43,184 [WARN] DbFile:35 - Overriding database path with different value: /home/robot/.stmcufinder/plugins/mcufinder/ => /home/robot/.stmcufinder/plugins/mcufinder
2021-09-04 15:25:43,185 [INFO] DbBoardsJson:57 - Set database path to: /home/robot/.stmcufinder/plugins/mcufinder//mcu/
2021-09-04 15:25:43,185 [WARN] DbFile:35 - Overriding database path with different value: /home/robot/.stmcufinder/plugins/mcufinder/ => /home/robot/.stmcufinder/plugins/mcufinder
2021-09-04 15:25:43,185 [WARN] DbFile:35 - Overriding database path with different value: /home/robot/.stmcufinder/plugins/mcufinder/ => /home/robot/.stmcufinder/plugins/mcufinder
2021-09-04 15:25:43,185 [INFO] CrossReferenceDbSqlite:196 - Set database path to: /home/robot/.stmcufinder/plugins/mcufinder//mcu/cs/
2021-09-04 15:25:43,185 [WARN] DbFile:35 - Overriding database path with different value: /home/robot/.stmcufinder/plugins/mcufinder/ => /home/robot/.stmcufinder/plugins/mcufinder
2021-09-04 15:25:43,185 [INFO] DbExamplesSqlite:767 - Set database path to: /home/robot/.stmcufinder/plugins/mcufinder//mcu/
2021-09-04 15:25:43,197 [INFO] ApplicationProperties:181 - Using Application install path: /opt/st/stm32cubeide_1.7.0/plugins/com.st.stm32cube.common.mx_6.3.0.202107141111
2021-09-04 15:25:43,198 [INFO] PluginManage:188 - Search for loadable plugins [exclusion list=, ]
2021-09-04 15:25:43,199 [INFO] PluginManage:302 - Check plugin analytics
2021-09-04 15:25:43,293 [INFO] AnalyticsPlugin:257 - Accepted Software Licenses: 
2021-09-04 15:25:43,293 [INFO] AnalyticsPlugin:259 - Accepted CMSIS Pack Licenses: 
2021-09-04 15:25:43,293 [INFO] AnalyticsPlugin:261 - Accepted Firmware Licenses: 
2021-09-04 15:25:43,294 [INFO] PluginManage:352 - Loaded plugin analytics (category:tool,tabindex:-1)
2021-09-04 15:25:43,294 [INFO] PluginManage:302 - Check plugin clock
2021-09-04 15:25:43,302 [INFO] PluginManage:352 - Loaded plugin clock (category:base,tabindex:2)
2021-09-04 15:25:43,302 [INFO] PluginManage:302 - Check plugin ddr
2021-09-04 15:25:43,304 [INFO] PluginManage:352 - Loaded plugin ddr (category:tool,tabindex:6)
2021-09-04 15:25:43,304 [INFO] PluginManage:302 - Check plugin filemanager
2021-09-04 15:25:43,398 [INFO] PluginManage:352 - Loaded plugin filemanager (category:base,tabindex:10)
2021-09-04 15:25:43,399 [INFO] PluginManage:302 - Check plugin ipmanager
2021-09-04 15:25:43,403 [INFO] PluginManage:352 - Loaded plugin ipmanager (category:base,tabindex:5)
2021-09-04 15:25:43,403 [INFO] PluginManage:302 - Check plugin pinoutandconfiguration
2021-09-04 15:25:43,410 [INFO] PluginManage:352 - Loaded plugin pinoutandconfiguration (category:base,tabindex:1)
2021-09-04 15:25:43,410 [INFO] PluginManage:302 - Check plugin pinoutconfig
2021-09-04 15:25:43,429 [INFO] PluginManage:352 - Loaded plugin pinoutconfig (category:base,tabindex:0)
2021-09-04 15:25:43,429 [INFO] PluginManage:302 - Check plugin power
2021-09-04 15:25:43,437 [INFO] PluginManage:352 - Loaded plugin power (category:power,tabindex:4)
2021-09-04 15:25:43,437 [INFO] PluginManage:302 - Check plugin projectmanager
2021-09-04 15:25:43,447 [INFO] PluginManage:352 - Loaded plugin projectmanager (category:projectmanager,tabindex:3)
2021-09-04 15:25:43,447 [INFO] PluginManage:302 - Check plugin thirdparty
2021-09-04 15:25:43,529 [WARN] IntegrityCheckThread:78 - waiting for thirdparty lock release [integrity check]
2021-09-04 15:25:43,530 [INFO] PluginManage:352 - Loaded plugin thirdparty (category:base,tabindex:-1)
2021-09-04 15:25:43,531 [INFO] IntegrityCheckThread:80 - entering critical section [integrity check]
2021-09-04 15:25:43,531 [INFO] PluginManage:302 - Check plugin tools
2021-09-04 15:25:43,531 [INFO] ThirdPartyUpdaterWithRetryManager:66 - Updater plugin not ready yet. [1/15]
2021-09-04 15:25:43,533 [INFO] PluginManage:352 - Loaded plugin tools (category:base,tabindex:7)
2021-09-04 15:25:43,533 [INFO] PluginManage:302 - Check plugin tutovideos
2021-09-04 15:25:43,696 [INFO] PluginManage:352 - Loaded plugin tutovideos (category:base,tabindex:-1)
2021-09-04 15:25:43,697 [INFO] PluginManage:302 - Check plugin updater
2021-09-04 15:25:43,710 [INFO] PluginManage:352 - Loaded plugin updater (category:base,tabindex:12)
2021-09-04 15:25:43,710 [INFO] PluginManage:275 - PluginManage : Loaded plugins [13]
2021-09-04 15:25:43,897 [INFO] PinOutPanel:1463 - setPackage(No Configuration,No Configuration)
2021-09-04 15:25:43,948 [INFO] IPUIPlugin:74 - create IPUIPlugin
2021-09-04 15:25:43,948 [INFO] PluginManager:213 - loadIPPluginJar : add dma
2021-09-04 15:25:43,951 [INFO] IPUIPlugin:74 - create IPUIPlugin
2021-09-04 15:25:43,951 [INFO] PluginManager:213 - loadIPPluginJar : add tim
2021-09-04 15:25:43,952 [INFO] IPUIPlugin:74 - create IPUIPlugin
2021-09-04 15:25:43,952 [INFO] PluginManager:213 - loadIPPluginJar : add quadspi
2021-09-04 15:25:43,954 [INFO] IPUIPlugin:74 - create IPUIPlugin
2021-09-04 15:25:43,954 [INFO] PluginManager:213 - loadIPPluginJar : add tracer_emb
2021-09-04 15:25:43,957 [INFO] IPUIPlugin:74 - create IPUIPlugin
2021-09-04 15:25:43,957 [INFO] PluginManager:213 - loadIPPluginJar : add cryp
2021-09-04 15:25:43,959 [INFO] IPUIPlugin:74 - create IPUIPlugin
2021-09-04 15:25:43,959 [INFO] PluginManager:213 - loadIPPluginJar : add comp
2021-09-04 15:25:43,964 [INFO] IPUIPlugin:74 - create IPUIPlugin
2021-09-04 15:25:43,964 [INFO] PluginManager:213 - loadIPPluginJar : add adc
2021-09-04 15:25:43,965 [INFO] IPUIPlugin:74 - create IPUIPlugin
2021-09-04 15:25:43,965 [INFO] PluginManager:213 - loadIPPluginJar : add tsc
2021-09-04 15:25:43,968 [INFO] IPUIPlugin:74 - create IPUIPlugin
2021-09-04 15:25:43,968 [INFO] PluginManager:213 - loadIPPluginJar : add pdm2pcm
2021-09-04 15:25:43,969 [INFO] IPUIPlugin:74 - create IPUIPlugin
2021-09-04 15:25:43,970 [INFO] PluginManager:213 - loadIPPluginJar : add ts
2021-09-04 15:25:43,972 [INFO] IPUIPlugin:74 - create IPUIPlugin
2021-09-04 15:25:43,972 [INFO] PluginManager:213 - loadIPPluginJar : add openamp
2021-09-04 15:25:43,973 [INFO] IPUIPlugin:74 - create IPUIPlugin
2021-09-04 15:25:43,973 [INFO] PluginManager:213 - loadIPPluginJar : add ucpd
2021-09-04 15:25:43,975 [INFO] IPUIPlugin:74 - create IPUIPlugin
2021-09-04 15:25:43,975 [INFO] PluginManager:213 - loadIPPluginJar : add i2s
2021-09-04 15:25:43,978 [INFO] IPUIPlugin:74 - create IPUIPlugin
2021-09-04 15:25:43,978 [INFO] PluginManager:213 - loadIPPluginJar : add opamp
2021-09-04 15:25:43,980 [INFO] IPUIPlugin:74 - create IPUIPlugin
2021-09-04 15:25:43,980 [INFO] PluginManager:213 - loadIPPluginJar : add can
2021-09-04 15:25:43,982 [INFO] IPUIPlugin:74 - create IPUIPlugin
2021-09-04 15:25:43,982 [INFO] PluginManager:213 - loadIPPluginJar : add i2c
2021-09-04 15:25:43,985 [INFO] IPUIPlugin:74 - create IPUIPlugin
2021-09-04 15:25:43,985 [INFO] PluginManager:213 - loadIPPluginJar : add stm32_wpan
2021-09-04 15:25:43,987 [INFO] IPUIPlugin:74 - create IPUIPlugin
2021-09-04 15:25:43,987 [INFO] PluginManager:213 - loadIPPluginJar : add dma3
2021-09-04 15:25:43,992 [INFO] IPUIPlugin:74 - create IPUIPlugin
2021-09-04 15:25:43,992 [INFO] PluginManager:213 - loadIPPluginJar : add linkedlist
2021-09-04 15:25:43,994 [INFO] IPUIPlugin:74 - create IPUIPlugin
2021-09-04 15:25:43,994 [INFO] PluginManager:213 - loadIPPluginJar : add gtzc
2021-09-04 15:25:43,995 [INFO] IPUIPlugin:74 - create IPUIPlugin
2021-09-04 15:25:43,996 [INFO] PluginManager:213 - loadIPPluginJar : add dfsdm
2021-09-04 15:25:43,998 [INFO] IPUIPlugin:74 - create IPUIPlugin
2021-09-04 15:25:43,998 [INFO] PluginManager:213 - loadIPPluginJar : add ipddr
2021-09-04 15:25:44,001 [INFO] IPUIPlugin:74 - create IPUIPlugin
2021-09-04 15:25:44,001 [INFO] PluginManager:213 - loadIPPluginJar : add resmgrutility
2021-09-04 15:25:44,003 [INFO] IPUIPlugin:74 - create IPUIPlugin
2021-09-04 15:25:44,003 [INFO] PluginManager:213 - loadIPPluginJar : add spi
2021-09-04 15:25:44,005 [INFO] IPUIPlugin:74 - create IPUIPlugin
2021-09-04 15:25:44,005 [INFO] PluginManager:213 - loadIPPluginJar : add sai
2021-09-04 15:25:44,007 [INFO] IPUIPlugin:74 - create IPUIPlugin
2021-09-04 15:25:44,007 [INFO] PluginManager:213 - loadIPPluginJar : add lorawan
2021-09-04 15:25:44,008 [INFO] IPUIPlugin:74 - create IPUIPlugin
2021-09-04 15:25:44,008 [INFO] PluginManager:213 - loadIPPluginJar : add ltdc
2021-09-04 15:25:44,010 [INFO] IPUIPlugin:74 - create IPUIPlugin
2021-09-04 15:25:44,010 [INFO] PluginManager:213 - loadIPPluginJar : add usart
2021-09-04 15:25:44,012 [INFO] IPUIPlugin:74 - create IPUIPlugin
2021-09-04 15:25:44,012 [INFO] PluginManager:213 - loadIPPluginJar : add gfxmmu
2021-09-04 15:25:44,015 [INFO] IPUIPlugin:74 - create IPUIPlugin
2021-09-04 15:25:44,015 [INFO] PluginManager:213 - loadIPPluginJar : add nvic
2021-09-04 15:25:44,017 [INFO] IPUIPlugin:74 - create IPUIPlugin
2021-09-04 15:25:44,017 [INFO] PluginManager:213 - loadIPPluginJar : add usbx
2021-09-04 15:25:44,021 [INFO] IPUIPlugin:74 - create IPUIPlugin
2021-09-04 15:25:44,021 [INFO] PluginManager:213 - loadIPPluginJar : add gic
2021-09-04 15:25:44,024 [INFO] IPUIPlugin:74 - create IPUIPlugin
2021-09-04 15:25:44,024 [INFO] PluginManager:213 - loadIPPluginJar : add touchsensing
2021-09-04 15:25:44,025 [INFO] IPUIPlugin:74 - create IPUIPlugin
2021-09-04 15:25:44,025 [INFO] PluginManager:213 - loadIPPluginJar : add fatfs
2021-09-04 15:25:44,030 [INFO] IPUIPlugin:74 - create IPUIPlugin
2021-09-04 15:25:44,030 [INFO] PluginManager:213 - loadIPPluginJar : add freertos
2021-09-04 15:25:44,033 [INFO] IPUIPlugin:74 - create IPUIPlugin
2021-09-04 15:25:44,033 [INFO] PluginManager:213 - loadIPPluginJar : add gpio
2021-09-04 15:25:44,035 [INFO] IPUIPlugin:74 - create IPUIPlugin
2021-09-04 15:25:44,035 [INFO] PluginManager:213 - loadIPPluginJar : add hash
2021-09-04 15:25:44,040 [INFO] IPUIPlugin:74 - create IPUIPlugin
2021-09-04 15:25:44,042 [INFO] PluginManager:213 - loadIPPluginJar : add plateformsettings
2021-09-04 15:25:44,043 [INFO] IPUIPlugin:74 - create IPUIPlugin
2021-09-04 15:25:44,043 [INFO] PluginManager:213 - loadIPPluginJar : add genericplugin
2021-09-04 15:25:44,046 [INFO] IPUIPlugin:74 - create IPUIPlugin
2021-09-04 15:25:44,047 [INFO] PluginManager:213 - loadIPPluginJar : add mdma
2021-09-04 15:25:44,048 [INFO] IPUIPlugin:74 - create IPUIPlugin
2021-09-04 15:25:44,048 [INFO] PluginManager:213 - loadIPPluginJar : add aes
2021-09-04 15:25:44,052 [INFO] IPUIPlugin:74 - create IPUIPlugin
2021-09-04 15:25:44,052 [INFO] PluginManager:213 - loadIPPluginJar : add fmc
2021-09-04 15:25:44,284 [FATAL] Updater:294 - Updater called before beeing initialized
2021-09-04 15:25:44,369 [FATAL] Updater:294 - Updater called before beeing initialized
2021-09-04 15:25:44,372 [INFO] DbMcusAds:47 - JSON generation date=Wed Aug 18 20:54:26 MMT 2021 (1629296666117)
2021-09-04 15:25:44,372 [FATAL] Updater:294 - Updater called before beeing initialized
2021-09-04 15:25:44,401 [WARN] DetailPanel:314 - Failed to get advertising image, set to default
2021-09-04 15:25:44,472 [FATAL] Updater:294 - Updater called before beeing initialized
2021-09-04 15:25:44,473 [FATAL] Updater:294 - Updater called before beeing initialized
2021-09-04 15:25:44,473 [FATAL] Updater:294 - Updater called before beeing initialized
2021-09-04 15:25:44,473 [WARN] DetailPanel:314 - Failed to get advertising image, set to default
2021-09-04 15:25:44,474 [FATAL] Updater:294 - Updater called before beeing initialized
2021-09-04 15:25:44,496 [ERROR] Updater:1075 - MainUpdater not yet initialized. External WinMGr cannot be set.
2021-09-04 15:25:44,498 [INFO] Updater:1012 - Updater Version found : 6.3.0
2021-09-04 15:25:44,513 [INFO] ApplicationProperties:181 - Using Application install path: /opt/st/stm32cubeide_1.7.0/plugins/com.st.stm32cube.common.mx_6.3.0.202107141111
2021-09-04 15:25:45,186 [INFO] MainUpdater:2671 - connection check result : 10
2021-09-04 15:25:45,188 [INFO] MainUpdater:265 - Updater Check For Update Now.
2021-09-04 15:25:45,189 [INFO] MicroXplorer:478 - Change Database Version : DB.6.0.30
2021-09-04 15:25:45,325 [INFO] CheckServerUpdateThread:112 - End of CheckServer Thread
2021-09-04 15:25:45,400 [INFO] MainUpdater:2671 - connection check result : 10
2021-09-04 15:25:45,687 [INFO] McuFinderGlobals:52 - Set McuFinderConnectedMode to false
2021-09-04 15:25:45,753 [INFO] CrossSelectorPresenter:1330 - Cross Selector saved comparison directory: /home/robot/.stmcufinder/plugins/mcufinder/mcu/cs_comparisons_mx
2021-09-04 15:25:45,756 [INFO] MultiScanPanel:197 - Auto-refresh data requested => check proxy status ongoing
2021-09-04 15:25:45,756 [INFO] MultiScanPanel:201 - Proxy status is invalid
2021-09-04 15:25:45,758 [INFO] FinderPluginLoader:87 - Searching for filters in installed packs
2021-09-04 15:25:45,759 [INFO] DbMcusXml:100 - Load MCU database from /opt/st/stm32cubeide_1.7.0/plugins/com.st.stm32cube.common.mx_6.3.0.202107141111//db//mcu/families.xml
2021-09-04 15:25:46,593 [WARN] PackLoader:238 - Cannot read IP mode file for RoweBots.I-CUBE-UNISONRTOS.5.5.0-4
2021-09-04 15:25:46,644 [WARN] PackLoader:238 - Cannot read IP mode file for STMicroelectronics.X-CUBE-MEMS1.9.0.0
2021-09-04 15:25:46,764 [INFO] DbMcusJson:93 - JSON generation date=Mon Jun 07 15:23:21 MMT 2021 (1623056001)
2021-09-04 15:25:46,950 [WARN] PackLoader:238 - Cannot read IP mode file for SEGGER.I-CUBE-embOS.1.2.0
2021-09-04 15:25:46,999 [WARN] PackLoader:238 - Cannot read IP mode file for STMicroelectronics.X-CUBE-BLE1.6.2.1
2021-09-04 15:25:47,002 [WARN] PackLoader:238 - Cannot read IP mode file for STMicroelectronics.X-CUBE-BLE2.3.2.1
2021-09-04 15:25:47,007 [WARN] PackLoader:238 - Cannot read IP mode file for STMicroelectronics.X-CUBE-NFC4.2.0.3
2021-09-04 15:25:47,010 [WARN] PackLoader:238 - Cannot read IP mode file for wolfSSL.I-CUBE-wolfSSL.4.8.0
2021-09-04 15:25:47,013 [WARN] PackLoader:238 - Cannot read IP mode file for STMicroelectronics.X-CUBE-TOUCHGFX.4.17.0
2021-09-04 15:25:47,017 [WARN] PackLoader:238 - Cannot read IP mode file for STMicroelectronics.X-CUBE-SFXS2LP1.3.1.0
2021-09-04 15:25:47,044 [WARN] PackLoader:238 - Cannot read IP mode file for STMicroelectronics.X-CUBE-AZRTOS-F4.1.0.0
2021-09-04 15:25:47,069 [WARN] PackLoader:238 - Cannot read IP mode file for STMicroelectronics.X-CUBE-AZRTOS-H7.2.0.0
2021-09-04 15:25:47,107 [WARN] PackLoader:238 - Cannot read IP mode file for STMicroelectronics.X-CUBE-TOF1.2.0.0
2021-09-04 15:25:47,130 [WARN] PackLoader:238 - Cannot read IP mode file for STMicroelectronics.X-CUBE-SUBG2.4.2.0
2021-09-04 15:25:47,144 [WARN] PackLoader:238 - Cannot read IP mode file for STMicroelectronics.X-CUBE-ALS.1.0.1
2021-09-04 15:25:47,147 [WARN] PackLoader:238 - Cannot read IP mode file for STMicroelectronics.X-CUBE-AI.7.0.0
2021-09-04 15:25:47,151 [WARN] PackLoader:238 - Cannot read IP mode file for STMicroelectronics.X-CUBE-ALGOBUILD.1.2.1
2021-09-04 15:25:47,153 [WARN] PackLoader:238 - Cannot read IP mode file for STMicroelectronics.X-CUBE-DISPLAY.1.0.0
2021-09-04 15:25:47,164 [WARN] PackLoader:238 - Cannot read IP mode file for STMicroelectronics.X-CUBE-EEPRMA1.3.1.0
2021-09-04 15:25:47,170 [WARN] PackLoader:238 - Cannot read IP mode file for STMicroelectronics.X-CUBE-GNSS1.5.2.0
2021-09-04 15:25:47,170 [INFO] ThirdParty:915 - Integrity check success = true
2021-09-04 15:25:47,171 [INFO] IntegrityCheckThread:94 - exiting critical section [integrity check]
2021-09-04 15:25:47,171 [INFO] IntegrityCheckThread:97 - End integrity checks thread
2021-09-04 15:25:47,511 [INFO] DbMcus:175 - Found 1951 MCUs (1903 are supported by CubeMX, 1903 are visible in CubeMX)
2021-09-04 15:25:47,511 [INFO] ApiDb:251 - Load user favorites file /home/robot/.stm32cubeide/favorites.mcus.txt: 0 item(s)
2021-09-04 15:25:47,511 [INFO] ApiDb:255 - User favorites MCUs=[]
2021-09-04 15:25:47,511 [INFO] DbMcus:187 - Set 0 / 0 favorites MCUs
2021-09-04 15:25:47,883 [INFO] DetailPanel:309 - Set advertising image to /home/robot/STM32Cube/Repository//en.prom_STM32U5_PSA-SESIP_LV3_0821.png
2021-09-04 15:25:48,199 [INFO] DbBoardsPdsc:90 - Found 2 items
2021-09-04 15:25:48,205 [INFO] DbBoardsPdsc:90 - Found 48 items
2021-09-04 15:25:48,210 [INFO] DbBoardsPdsc:90 - Found 43 items
2021-09-04 15:25:48,212 [INFO] DbBoardsPdsc:90 - Found 25 items
2021-09-04 15:25:48,213 [INFO] DbBoardsPdsc:90 - Found 1 items
2021-09-04 15:25:48,214 [INFO] DbBoardsPdsc:90 - Found 9 items
2021-09-04 15:25:48,216 [INFO] DbBoardsPdsc:90 - Found 33 items
2021-09-04 15:25:48,217 [INFO] DbBoardsPdsc:90 - Found 5 items
2021-09-04 15:25:48,220 [WARN] DbBoardsPdsc:254 - Board STM32H7B3I-DK: unknown feature type=Audio, name=, username=Audio stereo codec with Headphone Amp (CS42L51-CNZ), n=1
2021-09-04 15:25:48,220 [WARN] DbBoardsPdsc:254 - Board STM32H735G-DK: unknown feature type=Audio, name=, username=Audio stereo codec with Headphone Amp (WM8994ECS/R), n=1
2021-09-04 15:25:48,221 [WARN] DbBoardsPdsc:254 - Board STM32H7B3I-EVAL: unknown feature type=Audio, name=, username=Multi-Channel Audio Codec (CS42L51-CNZ), n=1
2021-09-04 15:25:48,221 [WARN] DbBoardsPdsc:254 - Board STM32H7B3I-EVAL: unknown feature type=Meter, name=, username=Power-metering and Temperature-monitoring with sigma-delta modulators, n=1
2021-09-04 15:25:48,221 [WARN] DbBoardsPdsc:254 - Board STM32H7B3I-EVAL: unknown feature type=Motor, name=, username=Motor Control, n=1
2021-09-04 15:25:48,222 [WARN] DbBoardsPdsc:254 - Board STM32U575I-EV: unknown feature type=joystick, name=, username=4-direction joystick with selection button, n=1
2021-09-04 15:25:48,232 [INFO] DbBoardsJson:86 - JSON generation date=Tue Jun 01 12:22:40 MMT 2021 (1622526760)
2021-09-04 15:25:48,235 [INFO] DbBoards:117 - Found 166 boards (163 are supported by CubeMX)
2021-09-04 15:25:48,245 [INFO] DbBoardsDocs:143 - JSON generation date=Tue Jun 01 12:22:40 MMT 2021 (1622526760)
2021-09-04 15:25:48,287 [INFO] DbBoardsDocs:79 - Found 193 boards documents
2021-09-04 15:25:48,288 [WARN] DbBoards:127 - board B-L462E-CELL1 has no document id list !
2021-09-04 15:25:48,288 [WARN] DbBoards:127 - board B-L475E-IOT01A2 has no document id list !
2021-09-04 15:25:48,288 [WARN] DbBoards:127 - board B-U585I-IOT02A has no document id list !
2021-09-04 15:25:48,289 [WARN] DbBoards:127 - board NUCLEO-G0B1RE has no document id list !
2021-09-04 15:25:48,289 [WARN] DbBoards:127 - board NUCLEO-H743ZI has no document id list !
2021-09-04 15:25:48,289 [WARN] DbBoards:127 - board NUCLEO-L4A6ZG has no document id list !
2021-09-04 15:25:48,289 [WARN] DbBoards:127 - board NUCLEO-U575ZI-Q has no document id list !
2021-09-04 15:25:48,289 [WARN] DbBoards:127 - board NUCLEO-WB15CC has no document id list !
2021-09-04 15:25:48,289 [WARN] DbBoards:127 - board NUCLEO-WB55RG has no document id list !
2021-09-04 15:25:48,290 [WARN] DbBoards:127 - board NUCLEO-WL55JC2 has no document id list !
2021-09-04 15:25:48,290 [WARN] DbBoards:127 - board P-NUCLEO-WB55-Nucleo has no document id list !
2021-09-04 15:25:48,290 [WARN] DbBoards:127 - board P-NUCLEO-WB55-USBDongle has no document id list !
2021-09-04 15:25:48,290 [WARN] DbBoards:127 - board STEVAL-BFA001V1B has no document id list !
2021-09-04 15:25:48,290 [WARN] DbBoards:127 - board STEVAL-BFA001V2B has no document id list !
2021-09-04 15:25:48,290 [WARN] DbBoards:127 - board STEVAL-IDP005V1 has no document id list !
2021-09-04 15:25:48,290 [WARN] DbBoards:127 - board STEVAL-IDP005V2 has no document id list !
2021-09-04 15:25:48,290 [WARN] DbBoards:127 - board STEVAL-MKSBOX1V1 has no document id list !
2021-09-04 15:25:48,290 [WARN] DbBoards:127 - board STEVAL-STWINKT1 has no document id list !
2021-09-04 15:25:48,290 [WARN] DbBoards:127 - board STEVAL-STWINKT1B has no document id list !
2021-09-04 15:25:48,290 [WARN] DbBoards:127 - board STM32F401C-DISCO has no document id list !
2021-09-04 15:25:48,291 [WARN] DbBoards:127 - board STM32F769I-DISC1 has no document id list !
2021-09-04 15:25:48,291 [WARN] DbBoards:127 - board STM32G0C1E-EV has no document id list !
2021-09-04 15:25:48,291 [WARN] DbBoards:127 - board STM32G474E-EVAL1 has no document id list !
2021-09-04 15:25:48,291 [WARN] DbBoards:127 - board STM32H743I-EVAL2 has no document id list !
2021-09-04 15:25:48,291 [WARN] DbBoards:127 - board STM32H747I-DISC1 has no document id list !
2021-09-04 15:25:48,291 [WARN] DbBoards:127 - board STM32H753I-EVAL2 has no document id list !
2021-09-04 15:25:48,291 [WARN] DbBoards:127 - board STM32L-DISCOVERY has no document id list !
2021-09-04 15:25:48,292 [WARN] DbBoards:127 - board STM32MP157A-DK1 has no document id list !
2021-09-04 15:25:48,292 [WARN] DbBoards:127 - board STM32MP157D-DK1 has no document id list !
2021-09-04 15:25:48,292 [WARN] DbBoards:127 - board STM32MP157D-EV1 has no document id list !
2021-09-04 15:25:48,292 [WARN] DbBoards:127 - board STM32MP157F-DK2 has no document id list !
2021-09-04 15:25:48,292 [WARN] DbBoards:127 - board STM32MP157F-EV1 has no document id list !
2021-09-04 15:25:48,292 [WARN] DbBoards:127 - board STM32U575I-EV has no document id list !
2021-09-04 15:25:48,292 [WARN] DbBoards:127 - board STM32WB5MM-DK has no document id list !
2021-09-04 15:25:49,564 [ERROR] DbBoards:189 - Image file not found for board STM32U575I-EV: /opt/st/stm32cubeide_1.7.0/plugins/com.st.stm32cube.common.mx_6.3.0.202107141111//db//plugins/mcufinder/images/boards/stm32u575i-ev_small.jpg
2021-09-04 15:25:49,616 [INFO] ApiDb:251 - Load user favorites file /home/robot/.stm32cubeide/favorites.boards.txt: 0 item(s)
2021-09-04 15:25:49,616 [INFO] ApiDb:255 - User favorites Boards=[]
2021-09-04 15:25:49,616 [INFO] DbBoards:206 - Set 0 / 0 favorites Boards
2021-09-04 15:26:13,698 [INFO] DbMcusDocs:143 - JSON generation date=Mon Jun 07 15:23:21 MMT 2021 (1623056001)
2021-09-04 15:26:13,830 [INFO] DbMcusDocs:79 - Found 669 MCUs documents
2021-09-04 15:26:55,200 [INFO] McuFinderGlobals:52 - Set McuFinderConnectedMode to true
2021-09-04 15:26:55,202 [INFO] ApiDb:276 - Save user favorites file /home/robot/.stm32cubeide/favorites.mcus.txt: 0 item(s)
2021-09-04 15:26:55,203 [INFO] ApiDb:280 - User favorites MCUs=[]
2021-09-04 15:43:20,847 [INFO] MainUpdater:2671 - connection check result : 10
2021-09-04 15:43:20,987 [INFO] McuFinderGlobals:52 - Set McuFinderConnectedMode to false
2021-09-04 15:43:20,997 [INFO] CrossSelectorPresenter:1330 - Cross Selector saved comparison directory: /home/robot/.stmcufinder/plugins/mcufinder/mcu/cs_comparisons_mx
2021-09-04 15:43:20,998 [INFO] MultiScanPanel:197 - Auto-refresh data requested => check proxy status ongoing
2021-09-04 15:43:20,998 [INFO] MultiScanPanel:201 - Proxy status is invalid
2021-09-04 15:43:20,998 [INFO] FinderPluginLoader:87 - Searching for filters in installed packs
2021-09-04 15:43:21,150 [INFO] DetailPanel:309 - Set advertising image to /home/robot/STM32Cube/Repository//en.prom_STM32U5_PSA-SESIP_LV3_0821.png
2021-09-04 15:44:19,700 [INFO] MainUpdater:2671 - connection check result : 10
2021-09-04 15:44:19,701 [INFO] MainUpdater:2671 - connection check result : 10
2021-09-04 15:44:19,769 [INFO] MicroXplorer:448 - Change Database Path : 
2021-09-04 15:44:19,769 [INFO] MicroXplorer:478 - Change Database Version : DB.6.0.30
2021-09-04 15:44:19,769 [WARN] ThirdParty:813 - waiting for thirdparty lock release [close project]
2021-09-04 15:44:19,769 [INFO] ThirdParty:815 - entering critical section [close project]
2021-09-04 15:44:19,770 [INFO] ThirdParty:825 - exiting critical section [close project]
2021-09-04 15:44:19,771 [INFO] PinOutPanel:1463 - setPackage(No Configuration,No Configuration)
2021-09-04 15:44:19,771 [INFO] UtilMem:74 - Begin LoadConfig() Used Memory: 236687744 Bytes (554696704)
2021-09-04 15:44:19,772 [INFO] MicroXplorer:448 - Change Database Path : 
2021-09-04 15:44:19,772 [INFO] MicroXplorer:478 - Change Database Version : DB.6.0.30
2021-09-04 15:44:19,772 [INFO] OpenFileManager:313 - Change cursor
2021-09-04 15:44:20,431 [INFO] Context:592 - Trying to add GPIOservice into a context  which must be forbidden
2021-09-04 15:44:20,636 [INFO] ImportTextPane:167 - (OptionalMessage_ERROR) Unable to find key (Mcu.ThirdPartyNb) in loaded IOC file
2021-09-04 15:44:20,637 [INFO] ImportTextPane:167 - (OptionalMessage_ERROR) Unable to find key (Mcu.PinsNb) in loaded IOC file
2021-09-04 15:44:20,637 [INFO] ImportTextPane:167 - (OptionalMessage_ERROR) Unable to find key (Mcu.IPNb) in loaded IOC file
2021-09-04 15:44:20,670 [WARN] ApiManager:304 - Cannot register API 'Board Extension:S2868A1' from pack STMicroelectronics.X-CUBE-SFXS2LP1.3.1.0: no header file found
2021-09-04 15:44:20,670 [WARN] ApiManager:304 - Cannot register API 'Board Extension:S2868A2' from pack STMicroelectronics.X-CUBE-SFXS2LP1.3.1.0: no header file found
2021-09-04 15:44:20,670 [WARN] ApiManager:304 - Cannot register API 'Board Extension:S2915A1' from pack STMicroelectronics.X-CUBE-SFXS2LP1.3.1.0: no header file found
2021-09-04 15:44:20,678 [WARN] ModelIntegratedComponent:60 - No mode defined for component null
2021-09-04 15:44:20,678 [WARN] ModelIntegratedComponent:60 - No mode defined for component null
2021-09-04 15:44:20,678 [WARN] ModelIntegratedComponent:60 - No mode defined for component null
2021-09-04 15:44:20,678 [WARN] ModelIntegratedComponent:60 - No mode defined for component null
2021-09-04 15:44:20,678 [WARN] ModelIntegratedComponent:60 - No mode defined for component null
2021-09-04 15:44:20,678 [WARN] ModelIntegratedComponent:60 - No mode defined for component null
2021-09-04 15:44:20,678 [WARN] ModelIntegratedComponent:60 - No mode defined for component null
2021-09-04 15:44:20,678 [WARN] ModelIntegratedComponent:60 - No mode defined for component null
2021-09-04 15:44:20,678 [WARN] ModelIntegratedComponent:60 - No mode defined for component null
2021-09-04 15:44:20,679 [WARN] ModelIntegratedComponent:60 - No mode defined for component null
2021-09-04 15:44:20,679 [WARN] ModelIntegratedComponent:60 - No mode defined for component null
2021-09-04 15:44:20,679 [WARN] ModelIntegratedComponent:60 - No mode defined for component null
2021-09-04 15:44:20,679 [WARN] ModelIntegratedComponent:60 - No mode defined for component null
2021-09-04 15:44:20,679 [WARN] ModelIntegratedComponent:60 - No mode defined for component null
2021-09-04 15:44:20,679 [WARN] ModelIntegratedComponent:60 - No mode defined for component null
2021-09-04 15:44:20,679 [WARN] ModelIntegratedComponent:60 - No mode defined for component null
2021-09-04 15:44:20,679 [WARN] ModelIntegratedComponent:60 - No mode defined for component null
2021-09-04 15:44:20,679 [WARN] ModelIntegratedComponent:60 - No mode defined for component null
2021-09-04 15:44:20,679 [WARN] ModelIntegratedComponent:60 - No mode defined for component null
2021-09-04 15:44:20,679 [WARN] ModelIntegratedComponent:60 - No mode defined for component null
2021-09-04 15:44:20,679 [WARN] ModelIntegratedComponent:60 - No mode defined for component null
2021-09-04 15:44:20,679 [WARN] ModelIntegratedComponent:60 - No mode defined for component null
2021-09-04 15:44:20,679 [WARN] ModelIntegratedComponent:60 - No mode defined for component null
2021-09-04 15:44:20,679 [WARN] ModelIntegratedComponent:60 - No mode defined for component null
2021-09-04 15:44:20,679 [WARN] ModelIntegratedComponent:60 - No mode defined for component null
2021-09-04 15:44:20,679 [WARN] ModelIntegratedComponent:60 - No mode defined for component null
2021-09-04 15:44:20,679 [WARN] ModelIntegratedComponent:60 - No mode defined for component null
2021-09-04 15:44:20,680 [WARN] ModelIntegratedComponent:60 - No mode defined for component null
2021-09-04 15:44:20,680 [WARN] ModelIntegratedComponent:60 - No mode defined for component null
2021-09-04 15:44:20,680 [WARN] ModelIntegratedComponent:60 - No mode defined for component null
2021-09-04 15:44:20,680 [WARN] ModelIntegratedComponent:60 - No mode defined for component null
2021-09-04 15:44:20,776 [WARN] ApiManager:304 - Cannot register API 'Board Extension:IKS01A3' from pack STMicroelectronics.X-CUBE-MEMS1.9.0.0: no header file found
2021-09-04 15:44:20,777 [WARN] ApiManager:304 - Cannot register API 'Board Extension:IKS01A2' from pack STMicroelectronics.X-CUBE-MEMS1.9.0.0: no header file found
2021-09-04 15:44:20,777 [WARN] ApiManager:304 - Cannot register API 'Board Extension:IKS02A1' from pack STMicroelectronics.X-CUBE-MEMS1.9.0.0: no header file found
2021-09-04 15:44:20,785 [WARN] ApiManager:304 - Cannot register API 'Board Extension:S2868A1' from pack STMicroelectronics.X-CUBE-SUBG2.4.2.0: no header file found
2021-09-04 15:44:20,785 [WARN] ApiManager:304 - Cannot register API 'Board Extension:S2868A2' from pack STMicroelectronics.X-CUBE-SUBG2.4.2.0: no header file found
2021-09-04 15:44:20,785 [WARN] ApiManager:304 - Cannot register API 'Board Extension:S2915A1' from pack STMicroelectronics.X-CUBE-SUBG2.4.2.0: no header file found
2021-09-04 15:44:20,788 [INFO] RtosManager:484 - Registered RTOS mode: class=CMSIS, group=RTOS, mode=CMSIS_V1, owner=FREERTOS
2021-09-04 15:44:20,789 [INFO] RtosManager:484 - Registered RTOS mode: class=CMSIS, group=RTOS2, mode=CMSIS_V2, owner=FREERTOS
2021-09-04 15:44:20,789 [INFO] RtosManager:484 - Registered RTOS mode: class=RTOS, group=Core, mode=CMSIS_V1, owner=FREERTOS
2021-09-04 15:44:20,789 [INFO] RtosManager:484 - Registered RTOS mode: class=RTOS, group=Core, mode=CMSIS_V2, owner=FREERTOS
2021-09-04 15:44:20,789 [WARN] ModelIntegratedComponent:181 - Missing modes for component STMicroelectronics:FreeRTOS:0.0.1:STMicroelectronics:RTOS:FreeRTOS:Core:::10.2.0:
2021-09-04 15:44:20,791 [WARN] ApiManager:304 - Cannot register API 'Board Extension:EEPRMA1' from pack STMicroelectronics.X-CUBE-EEPRMA1.3.1.0: no header file found
2021-09-04 15:44:20,791 [WARN] ApiManager:304 - Cannot register API 'Board Extension:EEPRMA2' from pack STMicroelectronics.X-CUBE-EEPRMA1.3.1.0: no header file found
2021-09-04 15:44:20,792 [WARN] ApiManager:304 - Cannot register API 'Board Extension:GNSS1A1' from pack STMicroelectronics.X-CUBE-GNSS1.5.2.0: no header file found
2021-09-04 15:44:20,792 [WARN] ApiManager:304 - Cannot register API 'Board Support:Custom' from pack STMicroelectronics.X-CUBE-GNSS1.5.2.0: no header file found
2021-09-04 15:44:20,792 [WARN] ApiManager:304 - Cannot register API 'Data Exchange:lib_gnss' from pack STMicroelectronics.X-CUBE-GNSS1.5.2.0: no header file found
2021-09-04 15:44:20,793 [WARN] ApiManager:304 - Cannot register API 'Wireless:BlueNRG-MS' from pack STMicroelectronics.X-CUBE-BLE1.6.2.1: no header file found
2021-09-04 15:44:20,793 [WARN] ApiManager:304 - Cannot register API 'Wireless:BlueNRG-2' from pack STMicroelectronics.X-CUBE-BLE2.3.2.1: no header file found
2021-09-04 15:44:20,793 [WARN] ApiManager:304 - Cannot register API 'Board Extension:NFC04A1' from pack STMicroelectronics.X-CUBE-NFC4.2.0.3: no header file found
2021-09-04 15:44:21,050 [INFO] UtilMem:74 - End LoadConfig() Used Memory: 300328368 Bytes (554696704)
2021-09-04 15:44:21,052 [WARN] ThirdParty:779 - waiting for thirdparty lock release [change project]
2021-09-04 15:44:21,052 [INFO] ThirdParty:781 - entering critical section [change project]
2021-09-04 15:44:21,052 [INFO] ThirdParty:967 - CMSIS Pack Vendor :STMicroelectronics X-CUBE-SFXS2LP1 3.1.0
2021-09-04 15:44:21,052 [INFO] ThirdParty:967 - CMSIS Pack Vendor :RoweBots I-CUBE-UNISONRTOS 5.5.0-4
2021-09-04 15:44:21,052 [INFO] ThirdParty:967 - CMSIS Pack Vendor :STMicroelectronics X-CUBE-AZRTOS-F4 1.0.0
2021-09-04 15:44:21,052 [INFO] ThirdParty:967 - CMSIS Pack Vendor :STMicroelectronics USB_HOST 2.0.0
2021-09-04 15:44:21,052 [INFO] ThirdParty:967 - CMSIS Pack Vendor :STMicroelectronics X-CUBE-AZRTOS-H7 2.0.0
2021-09-04 15:44:21,052 [INFO] ThirdParty:967 - CMSIS Pack Vendor :STMicroelectronics USB_DEVICE 3.0.0
2021-09-04 15:44:21,052 [INFO] ThirdParty:967 - CMSIS Pack Vendor :STMicroelectronics X-CUBE-TOF1 2.0.0
2021-09-04 15:44:21,052 [INFO] ThirdParty:967 - CMSIS Pack Vendor :STMicroelectronics HAL Drivers 0.0.0
2021-09-04 15:44:21,052 [INFO] ThirdParty:967 - CMSIS Pack Vendor :STMicroelectronics MBEDTLS 2.16.2
2021-09-04 15:44:21,052 [INFO] ThirdParty:967 - CMSIS Pack Vendor :STMicroelectronics MBEDTLS 2.14.1
2021-09-04 15:44:21,052 [INFO] ThirdParty:967 - CMSIS Pack Vendor :STMicroelectronics X-CUBE-MEMS1 9.0.0
2021-09-04 15:44:21,053 [INFO] ThirdParty:967 - CMSIS Pack Vendor :STMicroelectronics X-CUBE-SUBG2 4.2.0
2021-09-04 15:44:21,053 [INFO] ThirdParty:967 - CMSIS Pack Vendor :STMicroelectronics X-CUBE-ALS 1.0.1
2021-09-04 15:44:21,053 [INFO] ThirdParty:967 - CMSIS Pack Vendor :STMicroelectronics USB_DEVICE 2.0.0
2021-09-04 15:44:21,053 [INFO] ThirdParty:967 - CMSIS Pack Vendor :STMicroelectronics X-CUBE-AI 7.0.0
2021-09-04 15:44:21,053 [INFO] ThirdParty:967 - CMSIS Pack Vendor :STMicroelectronics X-CUBE-ALGOBUILD 1.2.1
2021-09-04 15:44:21,053 [INFO] ThirdParty:967 - CMSIS Pack Vendor :STMicroelectronics X-CUBE-DISPLAY 1.0.0
2021-09-04 15:44:21,053 [INFO] ThirdParty:967 - CMSIS Pack Vendor :STMicroelectronics FreeRTOS 0.0.1
2021-09-04 15:44:21,053 [INFO] ThirdParty:967 - CMSIS Pack Vendor :STMicroelectronics USB_DEVICE 1.0.0
2021-09-04 15:44:21,053 [INFO] ThirdParty:967 - CMSIS Pack Vendor :SEGGER I-CUBE-embOS 1.2.0
2021-09-04 15:44:21,053 [INFO] ThirdParty:967 - CMSIS Pack Vendor :STMicroelectronics X-CUBE-EEPRMA1 3.1.0
2021-09-04 15:44:21,053 [INFO] ThirdParty:967 - CMSIS Pack Vendor :STMicroelectronics X-CUBE-GNSS1 5.2.0
2021-09-04 15:44:21,053 [INFO] ThirdParty:967 - CMSIS Pack Vendor :STMicroelectronics ThreadX 0.0.2
2021-09-04 15:44:21,053 [INFO] ThirdParty:967 - CMSIS Pack Vendor :STMicroelectronics lwIP 2.0.3
2021-09-04 15:44:21,053 [INFO] ThirdParty:967 - CMSIS Pack Vendor :STMicroelectronics lwIP 2.1.2
2021-09-04 15:44:21,053 [INFO] ThirdParty:967 - CMSIS Pack Vendor :STMicroelectronics X-CUBE-BLE1 6.2.1
2021-09-04 15:44:21,053 [INFO] ThirdParty:967 - CMSIS Pack Vendor :STMicroelectronics X-CUBE-BLE2 3.2.1
2021-09-04 15:44:21,053 [INFO] ThirdParty:967 - CMSIS Pack Vendor :STMicroelectronics USB_HOST 1.0.0
2021-09-04 15:44:21,053 [INFO] ThirdParty:967 - CMSIS Pack Vendor :STMicroelectronics X-CUBE-NFC4 2.0.3
2021-09-04 15:44:21,053 [INFO] ThirdParty:967 - CMSIS Pack Vendor :wolfSSL I-CUBE-wolfSSL 4.8.0
2021-09-04 15:44:21,053 [INFO] ThirdParty:967 - CMSIS Pack Vendor :STMicroelectronics X-CUBE-TOUCHGFX 4.17.0
2021-09-04 15:44:21,053 [INFO] ThirdParty:967 - CMSIS Pack Vendor :STMicroelectronics PDM2PCM 3.1.0
2021-09-04 15:44:21,053 [INFO] ThirdParty:967 - CMSIS Pack Vendor :STMicroelectronics PDM2PCM 3.2.0
2021-09-04 15:44:21,053 [INFO] ThirdParty:967 - CMSIS Pack Vendor :STMicroelectronics PDM2PCM 3.3.0
2021-09-04 15:44:21,053 [INFO] ThirdParty:787 - exiting critical section [change project]
2021-09-04 15:44:21,263 [INFO] PinOutPanel:1463 - setPackage(No Configuration,No Configuration)
2021-09-04 15:44:21,264 [INFO] PinOutPanel:1463 - setPackage(STM32F103RCTx,LQFP64)
2021-09-04 15:44:21,654 [INFO] UtilMem:74 - Before build in PCC Used Memory: 157806448 Bytes (554696704)
2021-09-04 15:44:22,028 [INFO] UtilMem:74 - After build in PCC Used Memory: 212332400 Bytes (554696704)
2021-09-04 15:44:22,050 [INFO] IPUIPlugin:74 - create IPUIPlugin
2021-09-04 15:44:22,050 [INFO] IPUIPlugin:74 - create IPUIPlugin
2021-09-04 15:44:22,050 [INFO] IPUIPlugin:74 - create IPUIPlugin
2021-09-04 15:44:22,050 [INFO] IPUIPlugin:74 - create IPUIPlugin
2021-09-04 15:44:22,051 [INFO] IPUIPlugin:74 - create IPUIPlugin
2021-09-04 15:44:22,051 [INFO] IPUIPlugin:74 - create IPUIPlugin
2021-09-04 15:44:22,051 [INFO] IPUIPlugin:74 - create IPUIPlugin
2021-09-04 15:44:22,051 [INFO] IPUIPlugin:74 - create IPUIPlugin
2021-09-04 15:44:22,051 [INFO] IPUIPlugin:74 - create IPUIPlugin
2021-09-04 15:44:22,051 [INFO] IPUIPlugin:74 - create IPUIPlugin
2021-09-04 15:44:22,051 [INFO] IPUIPlugin:74 - create IPUIPlugin
2021-09-04 15:44:22,051 [INFO] IPUIPlugin:74 - create IPUIPlugin
2021-09-04 15:44:22,051 [INFO] IPUIPlugin:74 - create IPUIPlugin
2021-09-04 15:44:22,052 [INFO] IPUIPlugin:74 - create IPUIPlugin
2021-09-04 15:44:22,052 [INFO] IPUIPlugin:74 - create IPUIPlugin
2021-09-04 15:44:22,052 [INFO] IPUIPlugin:74 - create IPUIPlugin
2021-09-04 15:44:22,052 [INFO] IPUIPlugin:74 - create IPUIPlugin
2021-09-04 15:44:22,052 [INFO] IPUIPlugin:74 - create IPUIPlugin
2021-09-04 15:44:22,052 [INFO] IPUIPlugin:74 - create IPUIPlugin
2021-09-04 15:44:22,052 [INFO] IPUIPlugin:74 - create IPUIPlugin
2021-09-04 15:44:22,052 [INFO] IPUIPlugin:74 - create IPUIPlugin
2021-09-04 15:44:22,053 [INFO] IPUIPlugin:74 - create IPUIPlugin
2021-09-04 15:44:22,053 [INFO] IPUIPlugin:74 - create IPUIPlugin
2021-09-04 15:44:22,053 [INFO] IPUIPlugin:74 - create IPUIPlugin
2021-09-04 15:44:22,053 [INFO] IPUIPlugin:74 - create IPUIPlugin
2021-09-04 15:44:22,053 [INFO] IPUIPlugin:74 - create IPUIPlugin
2021-09-04 15:44:22,053 [INFO] IPUIPlugin:74 - create IPUIPlugin
2021-09-04 15:44:22,053 [INFO] IPUIPlugin:74 - create IPUIPlugin
2021-09-04 15:44:22,053 [INFO] IPUIPlugin:74 - create IPUIPlugin
2021-09-04 15:44:22,053 [INFO] IPUIPlugin:74 - create IPUIPlugin
2021-09-04 15:44:22,053 [INFO] IPUIPlugin:74 - create IPUIPlugin
2021-09-04 15:44:22,053 [INFO] IPUIPlugin:74 - create IPUIPlugin
2021-09-04 15:44:22,054 [INFO] IPUIPlugin:74 - create IPUIPlugin
2021-09-04 15:44:22,054 [INFO] IPUIPlugin:74 - create IPUIPlugin
2021-09-04 15:44:22,054 [INFO] IPUIPlugin:74 - create IPUIPlugin
2021-09-04 15:44:22,054 [INFO] IPUIPlugin:74 - create IPUIPlugin
2021-09-04 15:44:22,054 [INFO] IPUIPlugin:74 - create IPUIPlugin
2021-09-04 15:44:22,054 [INFO] IPUIPlugin:74 - create IPUIPlugin
2021-09-04 15:44:22,055 [INFO] IPUIPlugin:74 - create IPUIPlugin
2021-09-04 15:44:22,138 [INFO] OpenFileManager:333 - Restore cursor
2021-09-04 15:44:22,288 [INFO] UtilMem:74 - End SaveConfig() Used Memory: 278392688 Bytes (554696704)
2021-09-04 15:44:22,314 [INFO] UtilMem:74 - End SaveConfig() Used Memory: 293599088 Bytes (554696704)
2021-09-04 15:44:22,616 [INFO] BlockDiagram:2740 - set Specific Code input for plugin: NVIC
2021-09-04 15:44:22,617 [INFO] BlockDiagram:2740 - set Specific Code input for plugin: SYS
2021-09-04 15:44:22,617 [INFO] BlockDiagram:2740 - set Specific Code input for plugin: RCC
2021-09-04 15:44:22,617 [INFO] CodeGenerator:663 - code generatio: config db path: /opt/st/stm32cubeide_1.7.0/plugins/com.st.stm32cube.common.mx_6.3.0.202107141111//db/
2021-09-04 15:44:22,809 [INFO] CodeEngine:239 - oldGeneratedFile, /home/robot/AllSTM32/STM32Workspace/CubeIDE/fordelete/MXTmpFiles/license.tmp_save
2021-09-04 15:44:23,047 [INFO] CodeEngine:257 - Generated code: /home/robot/AllSTM32/STM32Workspace/CubeIDE/fordelete/MXTmpFiles/license.tmp
2021-09-04 15:44:23,103 [INFO] CodeEngine:239 - oldGeneratedFile, /home/robot/AllSTM32/STM32Workspace/CubeIDE/fordelete/Core/Src/stm32f1xx_it.c_save
2021-09-04 15:44:23,250 [INFO] CodeEngine:257 - Generated code: /home/robot/AllSTM32/STM32Workspace/CubeIDE/fordelete/Core/Src/stm32f1xx_it.c
2021-09-04 15:44:23,251 [INFO] CodeEngine:239 - oldGeneratedFile, /home/robot/AllSTM32/STM32Workspace/CubeIDE/fordelete/Core/Inc/stm32f1xx_it.h_save
2021-09-04 15:44:23,305 [INFO] CodeEngine:257 - Generated code: /home/robot/AllSTM32/STM32Workspace/CubeIDE/fordelete/Core/Inc/stm32f1xx_it.h
2021-09-04 15:44:23,308 [INFO] CodeEngine:239 - oldGeneratedFile, /home/robot/AllSTM32/STM32Workspace/CubeIDE/fordelete/Core/Src/stm32f1xx_hal_msp.c_save
2021-09-04 15:44:23,381 [INFO] CodeEngine:257 - Generated code: /home/robot/AllSTM32/STM32Workspace/CubeIDE/fordelete/Core/Src/stm32f1xx_hal_msp.c
2021-09-04 15:44:23,382 [INFO] CodeEngine:239 - oldGeneratedFile, /home/robot/AllSTM32/STM32Workspace/CubeIDE/fordelete/MXTmpFiles/system.tmp_save
2021-09-04 15:44:23,421 [INFO] CodeEngine:257 - Generated code: /home/robot/AllSTM32/STM32Workspace/CubeIDE/fordelete/MXTmpFiles/system.tmp
2021-09-04 15:44:23,423 [INFO] CodeEngine:239 - oldGeneratedFile, /home/robot/AllSTM32/STM32Workspace/CubeIDE/fordelete/Core/Inc/stm32f1xx_hal_conf.h_save
2021-09-04 15:44:23,468 [INFO] CodeEngine:257 - Generated code: /home/robot/AllSTM32/STM32Workspace/CubeIDE/fordelete/Core/Inc/stm32f1xx_hal_conf.h
2021-09-04 15:44:23,496 [INFO] CodeEngine:239 - oldGeneratedFile, /home/robot/AllSTM32/STM32Workspace/CubeIDE/fordelete/Core/Inc/main.h_save
2021-09-04 15:44:23,545 [INFO] CodeEngine:257 - Generated code: /home/robot/AllSTM32/STM32Workspace/CubeIDE/fordelete/Core/Inc/main.h
2021-09-04 15:44:23,546 [INFO] CodeEngine:239 - oldGeneratedFile, /home/robot/AllSTM32/STM32Workspace/CubeIDE/fordelete/Core/Src/main.c_save
2021-09-04 15:44:23,622 [INFO] CodeEngine:257 - Generated code: /home/robot/AllSTM32/STM32Workspace/CubeIDE/fordelete/Core/Src/main.c
2021-09-04 15:44:24,052 [INFO] ProjectBuilder:2578 - Time for Copy HAL[1] : 27mS.
2021-09-04 15:44:24,054 [INFO] ProjectBuilder:3622 - Project Generator version: 3.14.1
2021-09-04 15:44:24,388 [INFO] ConfigFileManager:1271 - The Die is : DIE414
2021-09-04 15:44:24,400 [INFO] ApiDbMcu:468 - Load IP Config File for FATFS
2021-09-04 15:44:24,422 [INFO] ApiDbMcu:468 - Load IP Config File for FREERTOS
2021-09-04 15:44:24,439 [INFO] ApiDbMcu:468 - Load IP Config File for USB_DEVICE
2021-09-04 15:44:27,346 [INFO] ProjectBuilder:3789 - Time for Generating toolchain IDE Files: 3292mS.
2021-09-04 15:44:27,347 [INFO] ProjectBuilder:2457 - Time for Copy CMSIS : 0mS.
2021-09-04 15:44:27,347 [INFO] ProjectBuilder:2457 - Time for Copy CMSIS : 0mS.
2021-09-04 15:44:27,708 [INFO] McuFinderGlobals:52 - Set McuFinderConnectedMode to true
2021-09-04 15:44:27,708 [INFO] ApiDb:276 - Save user favorites file /home/robot/.stm32cubeide/favorites.mcus.txt: 0 item(s)
2021-09-04 15:44:27,709 [INFO] ApiDb:280 - User favorites MCUs=[]
2021-09-05 16:25:12,698 [INFO] Activator:177 - 


2021-09-05 16:25:12,702 [INFO] Activator:178 - !SESSION log4j initialized
2021-09-08 19:28:42,753 [INFO] Activator:177 - 


2021-09-08 19:28:42,755 [INFO] Activator:178 - !SESSION log4j initialized
