


ARM Macro Assembler    Page 1 


    1 00000000                 AREA             myCode, CODE, READONLY
    2 00000000                 ENTRY
    3 00000000                 EXPORT           __main
    4 00000000         __main
    5 00000000 F04F 0205       MOV              R2,#5
    6 00000004 F04F 0303       MOV              R3,#3
    7 00000008 F04F 0405       MOV              R4,#5
    8 0000000C         
    9 0000000C 1AD5            SUBS             R5,R2,R3
   10 0000000E 1B15            SUBS             R5,R2,R4
   11 00000010         
   12 00000010 E7FE    Stop    B                Stop
   13 00000012                 END
Command Line: --debug --xref --diag_suppress=9931 --cpu=Cortex-M3 --apcs=interw
ork --depend=.\objects\main.d -o.\objects\main.o -I.\RTE\Device\STM32F103RC -I.
\RTE\_Target_1 -IC:\Keil_v5\ARM\PACK\ARM\CMSIS\5.4.0\CMSIS\Core\Include -IC:\Ke
il_v5\ARM\PACK\Keil\STM32F1xx_DFP\2.3.0\Device\Include --predefine="__EVAL SETA
 1" --predefine="__MICROLIB SETA 1" --predefine="__UVISION_VERSION SETA 526" --
predefine="_RTE_ SETA 1" --predefine="STM32F10X_HD SETA 1" --list=.\listings\ma
in.lst main.s



ARM Macro Assembler    Page 1 Alphabetic symbol ordering
Relocatable symbols

Stop 00000010

Symbol: Stop
   Definitions
      At line 12 in file main.s
   Uses
      At line 12 in file main.s
Comment: Stop used once
__main 00000000

Symbol: __main
   Definitions
      At line 4 in file main.s
   Uses
      At line 3 in file main.s
Comment: __main used once
myCode 00000000

Symbol: myCode
   Definitions
      At line 1 in file main.s
   Uses
      None
Comment: myCode unused
3 symbols
338 symbols in table
