


ARM Macro Assembler    Page 1 


    1 00000000                 AREA             theCode, CODE, READONLY
    2 00000000                 ENTRY
    3 00000000                 EXPORT           __main
    4 00000000         __main
    5 00000000 4804            LDR              R0, =0XF62562FA
    6 00000002 4905            LDR              R1, =0XF412963B
    7 00000004         
    8 00000004 F04F 0235       MOV              R2, #0X35
    9 00000008 F04F 0321       MOV              R3, #0X21
   10 0000000C         
   11 0000000C 1845            ADDS             R5, R0, R1
   12 0000000E EB42 0603       ADC              R6, R2, R3  ; R6 = 56 + c = 57
   13 00000012         
   14 00000012 E7FE    Stop    B                Stop
   15 00000014                 END
              F62562FA 
              F412963B 
Command Line: --debug --xref --diag_suppress=9931 --cpu=Cortex-M3 --apcs=interw
ork --depend=.\objects\main.d -o.\objects\main.o -I.\RTE\Device\STM32F103RC -I.
\RTE\_Target_1 -IC:\Keil_v5\ARM\PACK\ARM\CMSIS\5.4.0\CMSIS\Core\Include -IC:\Ke
il_v5\ARM\PACK\Keil\STM32F1xx_DFP\2.3.0\Device\Include --predefine="__EVAL SETA
 1" --predefine="__UVISION_VERSION SETA 526" --predefine="_RTE_ SETA 1" --prede
fine="STM32F10X_HD SETA 1" --list=.\listings\main.lst main.s



ARM Macro Assembler    Page 1 Alphabetic symbol ordering
Relocatable symbols

Stop 00000012

Symbol: Stop
   Definitions
      At line 14 in file main.s
   Uses
      At line 14 in file main.s
Comment: Stop used once
__main 00000000

Symbol: __main
   Definitions
      At line 4 in file main.s
   Uses
      At line 3 in file main.s
Comment: __main used once
theCode 00000000

Symbol: theCode
   Definitions
      At line 1 in file main.s
   Uses
      None
Comment: theCode unused
3 symbols
339 symbols in table
